<?xml version="1.0" encoding="UTF-8"?>
<!-- Generated by org.testng.reporters.JUnitReportReporter -->
<testsuite hostname="DESKTOP-TAJKON5" failures="0" tests="1" name="TestNg.ex12_disable_TC_Execution_from_suit" time="0.033" errors="0" timestamp="2021-10-30T12:53:03 IST" skipped="0">
  <testcase classname="TestNg.ex12_disable_TC_Execution_from_suit" name="TC3" time="0.033"/>
  <system-out>
    <![CDATA[Running TC3]]>
  </system-out>
</testsuite> <!-- TestNg.ex12_disable_TC_Execution_from_suit -->
