<?xml version="1.0" encoding="UTF-8"?>
<!-- Generated by org.testng.reporters.JUnitReportReporter -->
<testsuite hostname="DESKTOP-TAJKON5" failures="0" tests="1" name="TestNg.ex10_Assertion_verification_using_AssertClass6_AssertNotNull" time="0.019" errors="0" timestamp="2021-10-28T20:53:00 IST" skipped="0">
  <testcase classname="TestNg.ex10_Assertion_verification_using_AssertClass6_AssertNotNull" name="TC1" time="0.019"/>
  <system-out/>
</testsuite> <!-- TestNg.ex10_Assertion_verification_using_AssertClass6_AssertNotNull -->
