<?xml version="1.0" encoding="UTF-8"?>
<!-- Generated by org.testng.reporters.JUnitReportReporter -->
<testsuite hostname="DESKTOP-TAJKON5" failures="0" tests="4" name="TestNg.ex12_disable_TC_Execution_from_TestClass" time="0.013" errors="0" timestamp="2021-10-29T17:21:49 IST" skipped="2">
  <testcase classname="TestNg.ex12_disable_TC_Execution_from_TestClass" name="TC2" time="0.002"/>
  <system-out>
    <![CDATA[Running TC2]]>
  </system-out>
  <testcase classname="TestNg.ex12_disable_TC_Execution_from_TestClass" name="TC1" time="0.011"/>
  <system-out>
    <![CDATA[Running TC1]]>
  </system-out>
  <testcase classname="TestNg.ex12_disable_TC_Execution_from_TestClass" name="TC4">
    <skipped/>
  </testcase> <!-- TC4 -->
  <system-out/>
  <testcase classname="TestNg.ex12_disable_TC_Execution_from_TestClass" name="TC3">
    <skipped/>
  </testcase> <!-- TC3 -->
  <system-out/>
</testsuite> <!-- TestNg.ex12_disable_TC_Execution_from_TestClass -->
