<?xml version="1.0" encoding="UTF-8"?>
<!-- Generated by org.testng.reporters.JUnitReportReporter -->
<testsuite hostname="DESKTOP-TAJKON5" failures="0" tests="3" name="practise_selenium.grouping" time="0.025" errors="0" timestamp="2021-11-01T16:31:55 IST" skipped="0">
  <testcase classname="practise_selenium.grouping" name="TC1" time="0.018"/>
  <system-out>
    <![CDATA[Running TC1]]>
  </system-out>
  <testcase classname="practise_selenium.grouping" name="TC3" time="0.003"/>
  <system-out>
    <![CDATA[Running TC3]]>
  </system-out>
  <testcase classname="practise_selenium.grouping" name="TC2" time="0.004"/>
  <system-out>
    <![CDATA[Running TC2]]>
  </system-out>
</testsuite> <!-- practise_selenium.grouping -->
