<?xml version="1.0" encoding="UTF-8"?>
<!-- Generated by org.testng.reporters.JUnitReportReporter -->
<testsuite hostname="DESKTOP-TAJKON5" failures="0" tests="2" name="TestNg.ex2_emailableReport2" time="0.012" errors="0" timestamp="2021-10-25T10:04:42 IST" skipped="0">
  <testcase classname="TestNg.ex2_emailableReport2" name="TC3" time="0.010"/>
  <system-out>
    <![CDATA[hi.....!]]>
  </system-out>
  <testcase classname="TestNg.ex2_emailableReport2" name="TC4" time="0.002"/>
  <system-out>
    <![CDATA[Hello.....!]]>
  </system-out>
</testsuite> <!-- TestNg.ex2_emailableReport2 -->
