<?xml version="1.0" encoding="UTF-8"?>
<!-- Generated by org.testng.reporters.JUnitReportReporter -->
<testsuite hostname="DESKTOP-TAJKON5" failures="0" tests="2" name="TestNg.ex9_Suit_Sample1" time="0.017" errors="0" timestamp="2021-11-01T17:40:52 IST" skipped="0">
  <testcase classname="TestNg.ex9_Suit_Sample1" name="TC2" time="0.003"/>
  <system-out>
    <![CDATA[Running Tc2]]>
  </system-out>
  <testcase classname="TestNg.ex9_Suit_Sample1" name="TC1" time="0.014"/>
  <system-out>
    <![CDATA[Running Tc1]]>
  </system-out>
</testsuite> <!-- TestNg.ex9_Suit_Sample1 -->
