<?xml version="1.0" encoding="UTF-8"?>
<!-- Generated by org.testng.reporters.JUnitReportReporter -->
<testsuite hostname="DESKTOP-TAJKON5" failures="0" tests="2" name="TestNg.compatibility_Testing" time="69.946" errors="0" timestamp="2021-11-02T14:21:40 IST" skipped="0">
  <testcase classname="TestNg.compatibility_Testing" name="TC1" time="45.244"/>
  <system-out/>
  <testcase classname="TestNg.compatibility_Testing" name="TC1" time="24.702"/>
  <system-out/>
</testsuite> <!-- TestNg.compatibility_Testing -->
