<?xml version="1.0" encoding="UTF-8"?>
<!-- Generated by org.testng.reporters.JUnitReportReporter -->
<testsuite hostname="DESKTOP-TAJKON5" failures="0" tests="1" name="Pom_DDF_TestNg.KiteLoginTest1" time="11.898" errors="0" timestamp="2021-11-02T17:28:38 IST" skipped="0">
  <testcase classname="Pom_DDF_TestNg.KiteLoginTest1" name="VerifyPN" time="11.898"/>
  <system-out/>
</testsuite> <!-- Pom_DDF_TestNg.KiteLoginTest1 -->
