<?xml version="1.0" encoding="UTF-8"?>
<!-- Generated by org.testng.reporters.JUnitReportReporter -->
<testsuite hostname="DESKTOP-TAJKON5" failures="0" tests="1" name="TestNg.ex14_parallel_1" time="18.679" errors="0" timestamp="2021-10-30T13:47:07 IST" skipped="0">
  <testcase classname="TestNg.ex14_parallel_1" name="OpenFacebook" time="18.679"/>
  <system-out/>
</testsuite> <!-- TestNg.ex14_parallel_1 -->
