<?xml version="1.0" encoding="UTF-8"?>
<!-- Generated by org.testng.reporters.JUnitReportReporter -->
<testsuite hostname="DESKTOP-TAJKON5" failures="0" tests="1" name="practise_selenium.parallelExecution2" time="18.006" errors="0" timestamp="2021-11-01T16:44:37 IST" skipped="0">
  <testcase classname="practise_selenium.parallelExecution2" name="Openkite" time="18.006"/>
  <system-out/>
</testsuite> <!-- practise_selenium.parallelExecution2 -->
