<?xml version="1.0" encoding="UTF-8"?>
<!-- Generated by org.testng.reporters.JUnitReportReporter -->
<testsuite hostname="DESKTOP-TAJKON5" failures="0" tests="1" name="Pom_DDF_Testng_Base_Utility_Class.KiteLoginTest1" time="11.065" errors="0" timestamp="2021-11-17T07:35:41 IST" skipped="0">
  <testcase classname="Pom_DDF_Testng_Base_Utility_Class.KiteLoginTest1" name="VerifyPN" time="11.065"/>
  <system-out/>
</testsuite> <!-- Pom_DDF_Testng_Base_Utility_Class.KiteLoginTest1 -->
