<?xml version="1.0" encoding="UTF-8"?>
<!-- Generated by org.testng.reporters.JUnitReportReporter -->
<testsuite hostname="DESKTOP-TAJKON5" failures="0" tests="2" name="TestNg.ex9_Suit_Sample2" time="0.005" errors="0" timestamp="2021-11-01T17:40:52 IST" skipped="0">
  <testcase classname="TestNg.ex9_Suit_Sample2" name="TC3" time="0.002"/>
  <system-out>
    <![CDATA[Running Tc3]]>
  </system-out>
  <testcase classname="TestNg.ex9_Suit_Sample2" name="TC4" time="0.003"/>
  <system-out>
    <![CDATA[Running Tc4]]>
  </system-out>
</testsuite> <!-- TestNg.ex9_Suit_Sample2 -->
