<?xml version="1.0" encoding="UTF-8"?>
<!-- Generated by org.testng.reporters.JUnitReportReporter -->
<testsuite hostname="DESKTOP-TAJKON5" failures="0" tests="1" name="TestNg.ex2_EmailableReport" time="0.011" errors="0" timestamp="2021-10-25T09:58:27 IST" skipped="0">
  <testcase classname="TestNg.ex2_EmailableReport" name="tc2" time="0.011"/>
  <system-out>
    <![CDATA[Test case2]]>
  </system-out>
</testsuite> <!-- TestNg.ex2_EmailableReport -->
