<?xml version="1.0" encoding="UTF-8"?>
<!-- Generated by org.testng.reporters.JUnitReportReporter -->
<testsuite hostname="DESKTOP-TAJKON5" failures="0" tests="1" name="TestNg.ex_13_grouping_class1" time="0.021" errors="0" timestamp="2021-10-30T13:22:56 IST" skipped="0">
  <testcase classname="TestNg.ex_13_grouping_class1" name="TC3" time="0.021"/>
  <system-out>
    <![CDATA[running TC3]]>
  </system-out>
</testsuite> <!-- TestNg.ex_13_grouping_class1 -->
