<?xml version="1.0" encoding="UTF-8"?>
<!-- Generated by org.testng.reporters.JUnitReportReporter -->
<testsuite hostname="DESKTOP-TAJKON5" failures="0" tests="2" name="TestNg.ex6_Keyword2_Priority4" time="0.015" errors="0" timestamp="2021-10-27T19:16:46 IST" skipped="0">
  <testcase classname="TestNg.ex6_Keyword2_Priority4" name="TC2" time="0.002"/>
  <system-out>
    <![CDATA[running TC2]]>
  </system-out>
  <testcase classname="TestNg.ex6_Keyword2_Priority4" name="TC1" time="0.013"/>
  <system-out>
    <![CDATA[running TC1]]>
  </system-out>
</testsuite> <!-- TestNg.ex6_Keyword2_Priority4 -->
