<?xml version="1.0" encoding="UTF-8"?>
<!-- Generated by org.testng.reporters.JUnitReportReporter -->
<testsuite hostname="DESKTOP-TAJKON5" failures="0" tests="2" name="TestNg.ex4_testNg_Annotation" time="0.019" errors="0" timestamp="2021-10-26T09:46:36 IST" skipped="0">
  <testcase classname="TestNg.ex4_testNg_Annotation" name="AddToWishlist" time="0.015"/>
  <system-out>
    <![CDATA[Test case2-Added to wishlist]]>
  </system-out>
  <testcase classname="TestNg.ex4_testNg_Annotation" name="VerifyProfileName" time="0.004"/>
  <system-out>
    <![CDATA[Test case1-verified profile name]]>
  </system-out>
</testsuite> <!-- TestNg.ex4_testNg_Annotation -->
