<?xml version="1.0" encoding="UTF-8"?>
<!-- Generated by org.testng.reporters.JUnitReportReporter -->
<testsuite hostname="DESKTOP-TAJKON5" failures="0" tests="2" name="TestNg.ex9_Suit_Sample4" time="0.005" errors="0" timestamp="2021-11-01T17:40:52 IST" skipped="0">
  <testcase classname="TestNg.ex9_Suit_Sample4" name="TC8" time="0.003"/>
  <system-out>
    <![CDATA[Running Tc8]]>
  </system-out>
  <testcase classname="TestNg.ex9_Suit_Sample4" name="TC7" time="0.002"/>
  <system-out>
    <![CDATA[Running Tc7]]>
  </system-out>
</testsuite> <!-- TestNg.ex9_Suit_Sample4 -->
