<?xml version="1.0" encoding="UTF-8"?>
<!-- Generated by org.testng.reporters.JUnitReportReporter -->
<testsuite hostname="DESKTOP-TAJKON5" failures="0" tests="1" name="framework_testNg.Pom_with_DDF_testng" time="4.523" errors="0" timestamp="2021-11-08T17:39:09 IST" skipped="0">
  <testcase classname="framework_testNg.Pom_with_DDF_testng" name="VerifyProfileName" time="4.523"/>
  <system-out/>
</testsuite> <!-- framework_testNg.Pom_with_DDF_testng -->
