<?xml version="1.0" encoding="UTF-8"?>
<!-- Generated by org.testng.reporters.JUnitReportReporter -->
<testsuite hostname="DESKTOP-TAJKON5" failures="0" tests="1" name="TestNg.ex9_Failed_Xml_File1" time="0.012" errors="0" timestamp="2021-10-27T20:30:38 IST" skipped="0">
  <testcase classname="TestNg.ex9_Failed_Xml_File1" name="TC3" time="0.012"/>
  <system-out>
    <![CDATA[Running Tc3]]>
  </system-out>
</testsuite> <!-- TestNg.ex9_Failed_Xml_File1 -->
