<?xml version="1.0" encoding="UTF-8"?>
<!-- Generated by org.testng.reporters.JUnitReportReporter -->
<testsuite hostname="DESKTOP-TAJKON5" failures="0" tests="2" name="TestNg.ex_13_grouping_class2" time="0.004" errors="0" timestamp="2021-10-30T13:22:56 IST" skipped="0">
  <testcase classname="TestNg.ex_13_grouping_class2" name="TC8" time="0.002"/>
  <system-out>
    <![CDATA[Running TC8]]>
  </system-out>
  <testcase classname="TestNg.ex_13_grouping_class2" name="TC9" time="0.002"/>
  <system-out>
    <![CDATA[Running TC9]]>
  </system-out>
</testsuite> <!-- TestNg.ex_13_grouping_class2 -->
