<?xml version="1.0" encoding="UTF-8"?>
<!-- Generated by org.testng.reporters.JUnitReportReporter -->
<testsuite hostname="DESKTOP-TAJKON5" failures="0" tests="2" name="TestNg.ex6_Keyword2_Priority1" time="0.012" errors="0" timestamp="2021-10-27T19:11:35 IST" skipped="0">
  <testcase classname="TestNg.ex6_Keyword2_Priority1" name="TC1" time="0.009"/>
  <system-out>
    <![CDATA[running TC1]]>
  </system-out>
  <testcase classname="TestNg.ex6_Keyword2_Priority1" name="TC2" time="0.003"/>
  <system-out>
    <![CDATA[running TC2]]>
  </system-out>
</testsuite> <!-- TestNg.ex6_Keyword2_Priority1 -->
