<?xml version="1.0" encoding="UTF-8"?>
<!-- Generated by org.testng.reporters.JUnitReportReporter -->
<testsuite hostname="DESKTOP-TAJKON5" failures="0" tests="1" name="TestNg.ex3_TestNg_Annotations" time="0.009" errors="0" timestamp="2021-10-26T09:36:28 IST" skipped="0">
  <testcase classname="TestNg.ex3_TestNg_Annotations" name="verifyProfileName" time="0.009"/>
  <system-out>
    <![CDATA[Test case-Running verify profile name]]>
  </system-out>
</testsuite> <!-- TestNg.ex3_TestNg_Annotations -->
