<?xml version="1.0" encoding="UTF-8"?>
<!-- Generated by org.testng.reporters.JUnitReportReporter -->
<testsuite hostname="DESKTOP-TAJKON5" failures="0" tests="3" name="TestNg.ex5_Keyword1_invokationCount" time="0.021" errors="0" timestamp="2021-10-27T19:02:08 IST" skipped="0">
  <testcase classname="TestNg.ex5_Keyword1_invokationCount" name="TC1" time="0.013"/>
  <system-out>
    <![CDATA[running test case 1]]>
  </system-out>
  <testcase classname="TestNg.ex5_Keyword1_invokationCount" name="TC1" time="0.006"/>
  <system-out>
    <![CDATA[running test case 1]]>
  </system-out>
  <testcase classname="TestNg.ex5_Keyword1_invokationCount" name="TC2" time="0.002"/>
  <system-out>
    <![CDATA[running test case 2]]>
  </system-out>
</testsuite> <!-- TestNg.ex5_Keyword1_invokationCount -->
