<?xml version="1.0" encoding="UTF-8"?>
<!-- Generated by org.testng.reporters.JUnitReportReporter -->
<testsuite hostname="DESKTOP-TAJKON5" failures="0" tests="4" name="TestNg.ex7_Keyword3_Enabled" time="0.023" errors="0" timestamp="2021-10-27T19:44:54 IST" skipped="1">
  <testcase classname="TestNg.ex7_Keyword3_Enabled" name="TC4" time="0.002"/>
  <system-out>
    <![CDATA[Running TC4]]>
  </system-out>
  <testcase classname="TestNg.ex7_Keyword3_Enabled" name="TC1" time="0.017"/>
  <system-out>
    <![CDATA[Running TC1]]>
  </system-out>
  <testcase classname="TestNg.ex7_Keyword3_Enabled" name="TC3" time="0.004"/>
  <system-out>
    <![CDATA[Running TC3]]>
  </system-out>
  <testcase classname="TestNg.ex7_Keyword3_Enabled" name="TC2">
    <skipped/>
  </testcase> <!-- TC2 -->
  <system-out/>
</testsuite> <!-- TestNg.ex7_Keyword3_Enabled -->
